<?xml version="1.0" encoding="utf-8"?><testsuites><testsuite name="pytest" errors="0" failures="0" skipped="0" tests="12" time="27.510" timestamp="2023-04-26T05:44:20.965574" hostname="8ab986fa6862"><testcase classname="tests.test_api" name="test_upload_file_face" time="2.416" /><testcase classname="tests.test_api" name="test_upload_file_iris" time="0.067" /><testcase classname="tests.test_api" name="test_upload_file_finger" time="0.630" /><testcase classname="tests.test_api" name="test_upload_file_speech" time="5.976" /><testcase classname="tests.test_api" name="test_upload_base64_face" time="2.682" /><testcase classname="tests.test_api" name="test_upload_base64_iris" time="0.077" /><testcase classname="tests.test_api" name="test_upload_base64_finger" time="0.643" /><testcase classname="tests.test_api" name="test_upload_base64_speech" time="5.373" /><testcase classname="tests.test_api" name="test_upload_base64url_face" time="2.408" /><testcase classname="tests.test_api" name="test_upload_base64url_iris" time="0.074" /><testcase classname="tests.test_api" name="test_upload_base64url_finger" time="0.631" /><testcase classname="tests.test_api" name="test_upload_base64url_speech" time="5.314" /></testsuite></testsuites>