<?xml version="1.0" encoding="utf-8"?><testsuites><testsuite name="pytest" errors="0" failures="0" skipped="0" tests="17" time="50.377" timestamp="2023-04-26T06:39:26.624635" hostname="495ccad65a75"><testcase classname="tests.test_api" name="test_upload_file_face" time="2.436" /><testcase classname="tests.test_api" name="test_upload_file_iris" time="0.068" /><testcase classname="tests.test_api" name="test_upload_file_finger" time="0.643" /><testcase classname="tests.test_api" name="test_upload_file_speech" time="5.341" /><testcase classname="tests.test_api" name="test_upload_base64_face" time="2.433" /><testcase classname="tests.test_api" name="test_upload_base64_iris" time="0.072" /><testcase classname="tests.test_api" name="test_upload_base64_finger" time="0.659" /><testcase classname="tests.test_api" name="test_upload_base64_speech" time="5.278" /><testcase classname="tests.test_api" name="test_upload_base64url_face" time="2.416" /><testcase classname="tests.test_api" name="test_upload_base64url_iris" time="0.077" /><testcase classname="tests.test_api" name="test_upload_base64url_finger" time="0.639" /><testcase classname="tests.test_api" name="test_upload_base64url_speech" time="5.287" /><testcase classname="tests.test_core" name="test_face_default" time="0.199" /><testcase classname="tests.test_core" name="test_face_biqt" time="1.606" /><testcase classname="tests.test_core" name="test_finger_nfiq2" time="6.257" /><testcase classname="tests.test_core" name="test_iris_normal" time="0.242" /><testcase classname="tests.test_core" name="test_speech_normal" time="15.620" /></testsuite></testsuites>